<?xml version="1.0" encoding="UTF-8"?>
<!-- Generated by org.testng.reporters.JUnitXMLReporter -->
<testsuite ignored="35" hostname="DESKTOP-9DH3JAO" failures="0" tests="4" name="smoke Test cases" time="32.857" errors="0" timestamp="2023-05-16T18:46:31 IST">
  <testcase classname="com.tutorialsninja.qa.testCases.TestRegister" name="@BeforeMethod initilization" time="13.254">
    <failure type="org.openqa.selenium.remote.http.ConnectionFailedException" message="Unable to establish websocket connection to http://localhost:52250/devtools/browser/c74cd0b1-a18d-4612-93a7-3844a64582ff
Build info: version: &amp;apos;4.6.0&amp;apos;, revision: &amp;apos;79f1c02ae20&amp;apos;
System info: os.name: &amp;apos;Windows 10&amp;apos;, os.arch: &amp;apos;amd64&amp;apos;, os.version: &amp;apos;10.0&amp;apos;, java.version: &amp;apos;17.0.5&amp;apos;
Driver info: driver.version: ChromeDriver">
      <![CDATA[org.openqa.selenium.remote.http.ConnectionFailedException: Unable to establish websocket connection to http://localhost:52250/devtools/browser/c74cd0b1-a18d-4612-93a7-3844a64582ff
Build info: version: '4.6.0', revision: '79f1c02ae20'
System info: os.name: 'Windows 10', os.arch: 'amd64', os.version: '10.0', java.version: '17.0.5'
Driver info: driver.version: ChromeDriver
at org.openqa.selenium.remote.http.netty.NettyWebSocket.<init>(NettyWebSocket.java:102)
at org.openqa.selenium.remote.http.netty.NettyWebSocket.lambda$create$3(NettyWebSocket.java:128)
at org.openqa.selenium.remote.http.netty.NettyClient.openSocket(NettyClient.java:107)
at org.openqa.selenium.devtools.Connection.<init>(Connection.java:77)
at org.openqa.selenium.chromium.ChromiumDriver.lambda$new$2(ChromiumDriver.java:116)
at java.base/java.util.Optional.map(Optional.java:260)
at org.openqa.selenium.chromium.ChromiumDriver.<init>(ChromiumDriver.java:114)
at org.openqa.selenium.chrome.ChromeDriver.<init>(ChromeDriver.java:81)
at org.openqa.selenium.chrome.ChromeDriver.<init>(ChromeDriver.java:49)
at com.tutorialsninja.qa.conftest.conftest.setup(conftest.java:43)
at com.tutorialsninja.qa.testCases.TestRegister.initilization(TestRegister.java:25)
at java.base/java.util.ArrayList.forEach(ArrayList.java:1511)
... Removed 31 stack frames]]>
    </failure>
  </testcase> <!-- @BeforeMethod initilization -->
  <testcase classname="com.tutorialsninja.qa.testCases.TestRegister" name="@AfterMethod tearDown" time="0.004">
    <failure type="java.lang.NullPointerException" message="Cannot invoke &amp;quot;org.openqa.selenium.WebDriver.close()&amp;quot; because &amp;quot;this.driver&amp;quot; is null">
      <![CDATA[java.lang.NullPointerException: Cannot invoke "org.openqa.selenium.WebDriver.close()" because "this.driver" is null
at com.tutorialsninja.qa.testCases.TestRegister.tearDown(TestRegister.java:30)
at java.base/java.util.ArrayList.forEach(ArrayList.java:1511)
... Removed 32 stack frames]]>
    </failure>
  </testcase> <!-- @AfterMethod tearDown -->
  <testcase classname="com.tutorialsninja.qa.testCases.TestLogin" name="@BeforeMethod initilization" time="2.836">
    <failure type="org.openqa.selenium.remote.http.ConnectionFailedException" message="Unable to establish websocket connection to http://localhost:52265/devtools/browser/4061c9c5-0213-4129-850e-ae46c1f1de70
Build info: version: &amp;apos;4.6.0&amp;apos;, revision: &amp;apos;79f1c02ae20&amp;apos;
System info: os.name: &amp;apos;Windows 10&amp;apos;, os.arch: &amp;apos;amd64&amp;apos;, os.version: &amp;apos;10.0&amp;apos;, java.version: &amp;apos;17.0.5&amp;apos;
Driver info: driver.version: ChromeDriver">
      <![CDATA[org.openqa.selenium.remote.http.ConnectionFailedException: Unable to establish websocket connection to http://localhost:52265/devtools/browser/4061c9c5-0213-4129-850e-ae46c1f1de70
Build info: version: '4.6.0', revision: '79f1c02ae20'
System info: os.name: 'Windows 10', os.arch: 'amd64', os.version: '10.0', java.version: '17.0.5'
Driver info: driver.version: ChromeDriver
at org.openqa.selenium.remote.http.netty.NettyWebSocket.<init>(NettyWebSocket.java:102)
at org.openqa.selenium.remote.http.netty.NettyWebSocket.lambda$create$3(NettyWebSocket.java:128)
at org.openqa.selenium.remote.http.netty.NettyClient.openSocket(NettyClient.java:107)
at org.openqa.selenium.devtools.Connection.<init>(Connection.java:77)
at org.openqa.selenium.chromium.ChromiumDriver.lambda$new$2(ChromiumDriver.java:116)
at java.base/java.util.Optional.map(Optional.java:260)
at org.openqa.selenium.chromium.ChromiumDriver.<init>(ChromiumDriver.java:114)
at org.openqa.selenium.chrome.ChromeDriver.<init>(ChromeDriver.java:81)
at org.openqa.selenium.chrome.ChromeDriver.<init>(ChromeDriver.java:49)
at com.tutorialsninja.qa.conftest.conftest.setup(conftest.java:43)
at com.tutorialsninja.qa.testCases.TestLogin.initilization(TestLogin.java:30)
at java.base/java.util.ArrayList.forEach(ArrayList.java:1511)
... Removed 31 stack frames]]>
    </failure>
  </testcase> <!-- @BeforeMethod initilization -->
  <testcase classname="com.tutorialsninja.qa.testCases.TestLogin" name="@AfterMethod tearDown" time="0.001">
    <failure type="java.lang.NullPointerException" message="Cannot invoke &amp;quot;org.openqa.selenium.WebDriver.close()&amp;quot; because &amp;quot;this.driver&amp;quot; is null">
      <![CDATA[java.lang.NullPointerException: Cannot invoke "org.openqa.selenium.WebDriver.close()" because "this.driver" is null
at com.tutorialsninja.qa.testCases.TestLogin.tearDown(TestLogin.java:35)
at java.base/java.util.ArrayList.forEach(ArrayList.java:1511)
... Removed 32 stack frames]]>
    </failure>
  </testcase> <!-- @AfterMethod tearDown -->
  <testcase classname="com.tutorialsninja.qa.testCases.TestLogout" name="@BeforeMethod initilization" time="11.195">
    <failure type="org.openqa.selenium.SessionNotCreatedException" message="Could not start a new session. Response code 500. Message: disconnected: not connected to DevTools
  (failed to check if window was closed: disconnected: not connected to DevTools)
  (Session info: chrome=113.0.5672.93) 
Host info: host: &amp;apos;DESKTOP-9DH3JAO&amp;apos;, ip: &amp;apos;192.168.1.6&amp;apos;
Build info: version: &amp;apos;4.6.0&amp;apos;, revision: &amp;apos;79f1c02ae20&amp;apos;
System info: os.name: &amp;apos;Windows 10&amp;apos;, os.arch: &amp;apos;amd64&amp;apos;, os.version: &amp;apos;10.0&amp;apos;, java.version: &amp;apos;17.0.5&amp;apos;
Driver info: org.openqa.selenium.chrome.ChromeDriver
Command: [null, newSession {capabilities=[Capabilities {browserName: chrome, goog:chromeOptions: {args: [], extensions: []}}], desiredCapabilities=Capabilities {browserName: chrome, goog:chromeOptions: {args: [], extensions: []}}}]">
      <![CDATA[org.openqa.selenium.SessionNotCreatedException: Could not start a new session. Response code 500. Message: disconnected: not connected to DevTools
  (failed to check if window was closed: disconnected: not connected to DevTools)
  (Session info: chrome=113.0.5672.93) 
Host info: host: 'DESKTOP-9DH3JAO', ip: '192.168.1.6'
Build info: version: '4.6.0', revision: '79f1c02ae20'
System info: os.name: 'Windows 10', os.arch: 'amd64', os.version: '10.0', java.version: '17.0.5'
Driver info: org.openqa.selenium.chrome.ChromeDriver
Command: [null, newSession {capabilities=[Capabilities {browserName: chrome, goog:chromeOptions: {args: [], extensions: []}}], desiredCapabilities=Capabilities {browserName: chrome, goog:chromeOptions: {args: [], extensions: []}}}]
at org.openqa.selenium.remote.ProtocolHandshake.createSession(ProtocolHandshake.java:146)
at org.openqa.selenium.remote.ProtocolHandshake.createSession(ProtocolHandshake.java:101)
at org.openqa.selenium.remote.ProtocolHandshake.createSession(ProtocolHandshake.java:67)
at org.openqa.selenium.remote.HttpCommandExecutor.execute(HttpCommandExecutor.java:156)
at org.openqa.selenium.remote.service.DriverCommandExecutor.invokeExecute(DriverCommandExecutor.java:167)
at org.openqa.selenium.remote.service.DriverCommandExecutor.execute(DriverCommandExecutor.java:142)
at org.openqa.selenium.remote.RemoteWebDriver.execute(RemoteWebDriver.java:541)
at org.openqa.selenium.remote.RemoteWebDriver.startSession(RemoteWebDriver.java:242)
at org.openqa.selenium.remote.RemoteWebDriver.<init>(RemoteWebDriver.java:157)
at org.openqa.selenium.chromium.ChromiumDriver.<init>(ChromiumDriver.java:101)
at org.openqa.selenium.chrome.ChromeDriver.<init>(ChromeDriver.java:81)
at org.openqa.selenium.chrome.ChromeDriver.<init>(ChromeDriver.java:49)
at com.tutorialsninja.qa.conftest.conftest.setup(conftest.java:43)
at com.tutorialsninja.qa.testCases.TestLogout.initilization(TestLogout.java:26)
at java.base/java.util.ArrayList.forEach(ArrayList.java:1511)
... Removed 31 stack frames]]>
    </failure>
  </testcase> <!-- @BeforeMethod initilization -->
  <testcase classname="com.tutorialsninja.qa.testCases.TestLogout" name="@AfterMethod tearDown" time="0.001">
    <failure type="java.lang.NullPointerException" message="Cannot invoke &amp;quot;org.openqa.selenium.WebDriver.close()&amp;quot; because &amp;quot;this.driver&amp;quot; is null">
      <![CDATA[java.lang.NullPointerException: Cannot invoke "org.openqa.selenium.WebDriver.close()" because "this.driver" is null
at com.tutorialsninja.qa.testCases.TestLogout.tearDown(TestLogout.java:33)
at java.base/java.util.ArrayList.forEach(ArrayList.java:1511)
... Removed 32 stack frames]]>
    </failure>
  </testcase> <!-- @AfterMethod tearDown -->
  <testcase classname="com.tutorialsninja.qa.testCases.TestForgetPassword" name="@BeforeMethod initlization" time="3.705">
    <failure type="org.openqa.selenium.remote.http.ConnectionFailedException" message="Unable to establish websocket connection to http://localhost:52318/devtools/browser/2d20bd9c-61c4-4475-b825-6d2538ce40b0
Build info: version: &amp;apos;4.6.0&amp;apos;, revision: &amp;apos;79f1c02ae20&amp;apos;
System info: os.name: &amp;apos;Windows 10&amp;apos;, os.arch: &amp;apos;amd64&amp;apos;, os.version: &amp;apos;10.0&amp;apos;, java.version: &amp;apos;17.0.5&amp;apos;
Driver info: driver.version: ChromeDriver">
      <![CDATA[org.openqa.selenium.remote.http.ConnectionFailedException: Unable to establish websocket connection to http://localhost:52318/devtools/browser/2d20bd9c-61c4-4475-b825-6d2538ce40b0
Build info: version: '4.6.0', revision: '79f1c02ae20'
System info: os.name: 'Windows 10', os.arch: 'amd64', os.version: '10.0', java.version: '17.0.5'
Driver info: driver.version: ChromeDriver
at org.openqa.selenium.remote.http.netty.NettyWebSocket.<init>(NettyWebSocket.java:102)
at org.openqa.selenium.remote.http.netty.NettyWebSocket.lambda$create$3(NettyWebSocket.java:128)
at org.openqa.selenium.remote.http.netty.NettyClient.openSocket(NettyClient.java:107)
at org.openqa.selenium.devtools.Connection.<init>(Connection.java:77)
at org.openqa.selenium.chromium.ChromiumDriver.lambda$new$2(ChromiumDriver.java:116)
at java.base/java.util.Optional.map(Optional.java:260)
at org.openqa.selenium.chromium.ChromiumDriver.<init>(ChromiumDriver.java:114)
at org.openqa.selenium.chrome.ChromeDriver.<init>(ChromeDriver.java:81)
at org.openqa.selenium.chrome.ChromeDriver.<init>(ChromeDriver.java:49)
at com.tutorialsninja.qa.conftest.conftest.setup(conftest.java:43)
at com.tutorialsninja.qa.testCases.TestForgetPassword.initlization(TestForgetPassword.java:37)
at java.base/java.util.ArrayList.forEach(ArrayList.java:1511)
... Removed 31 stack frames]]>
    </failure>
  </testcase> <!-- @BeforeMethod initlization -->
  <testcase classname="com.tutorialsninja.qa.testCases.TestForgetPassword" name="@AfterMethod tearDown" time="0.001">
    <failure type="java.lang.NullPointerException" message="Cannot invoke &amp;quot;org.openqa.selenium.WebDriver.close()&amp;quot; because &amp;quot;this.driver&amp;quot; is null">
      <![CDATA[java.lang.NullPointerException: Cannot invoke "org.openqa.selenium.WebDriver.close()" because "this.driver" is null
at com.tutorialsninja.qa.testCases.TestForgetPassword.tearDown(TestForgetPassword.java:44)
at java.base/java.util.ArrayList.forEach(ArrayList.java:1511)
... Removed 32 stack frames]]>
    </failure>
  </testcase> <!-- @AfterMethod tearDown -->
  <testcase classname="com.tutorialsninja.qa.testCases.TestRegister" name="verify_Registering_Mandatory_Field" time="0.0">
    <skipped/>
  </testcase> <!-- verify_Registering_Mandatory_Field -->
  <testcase classname="com.tutorialsninja.qa.testCases.TestLogin" name="verify_login_With_Valid_Credential" time="0.0">
    <skipped/>
  </testcase> <!-- verify_login_With_Valid_Credential -->
  <testcase classname="com.tutorialsninja.qa.testCases.TestLogout" name="verify_Logout_By_LoggingOut_From_MyAccount_Dropdown" time="0.0">
    <skipped/>
  </testcase> <!-- verify_Logout_By_LoggingOut_From_MyAccount_Dropdown -->
  <testcase classname="com.tutorialsninja.qa.testCases.TestForgetPassword" name="verify_forgetPassword_User_able_to_restore_password" time="0.0">
    <skipped/>
  </testcase> <!-- verify_forgetPassword_User_able_to_restore_password -->
  <testcase classname="com.tutorialsninja.qa.testCases.TestLogin" name="verify_login_Code_In_SourceCode_PasswordFiled" time="0.0">
    <ignored/>
  </testcase> <!-- verify_login_Code_In_SourceCode_PasswordFiled -->
  <testcase classname="com.tutorialsninja.qa.testCases.TestForgetPassword" name="verify_forgetPassword_With_nonRegistered_Account" time="0.0">
    <ignored/>
  </testcase> <!-- verify_forgetPassword_With_nonRegistered_Account -->
  <testcase classname="com.tutorialsninja.qa.testCases.TestForgetPassword" name="verify_forgetPassword_Without_providing_EmailAddress" time="0.0">
    <ignored/>
  </testcase> <!-- verify_forgetPassword_Without_providing_EmailAddress -->
  <testcase classname="com.tutorialsninja.qa.testCases.TestRegister" name="verify_Registering_With_Space_Field" time="0.0">
    <ignored/>
  </testcase> <!-- verify_Registering_With_Space_Field -->
  <testcase classname="com.tutorialsninja.qa.testCases.TestLogin" name="verify_login_Forgetten_Password" time="0.0">
    <ignored/>
  </testcase> <!-- verify_login_Forgetten_Password -->
  <testcase classname="com.tutorialsninja.qa.testCases.TestRegister" name="verify_Registering_Complexity_Password" time="0.0">
    <ignored/>
  </testcase> <!-- verify_Registering_Complexity_Password -->
  <testcase classname="com.tutorialsninja.qa.testCases.TestLogin" name="verify_login_MultipleTime_Unsuccessful_attempt" time="0.0">
    <ignored/>
  </testcase> <!-- verify_login_MultipleTime_Unsuccessful_attempt -->
  <testcase classname="com.tutorialsninja.qa.testCases.TestLogout" name="verify_Logout_By_LoggingOut_From_LogoutOption_OnPage" time="0.0">
    <ignored/>
  </testcase> <!-- verify_Logout_By_LoggingOut_From_LogoutOption_OnPage -->
  <testcase classname="com.tutorialsninja.qa.testCases.TestRegister" name="verify_Registering_PrivacyPolicy_Without_Selecting" time="0.0">
    <ignored/>
  </testcase> <!-- verify_Registering_PrivacyPolicy_Without_Selecting -->
  <testcase classname="com.tutorialsninja.qa.testCases.TestRegister" name="verify_Registering_enterPassword_WithoutConfirmPassword" time="0.0">
    <ignored/>
  </testcase> <!-- verify_Registering_enterPassword_WithoutConfirmPassword -->
  <testcase classname="com.tutorialsninja.qa.testCases.TestRegister" name="verify_Registering_By_Invalid_Phone" time="0.0">
    <ignored/>
  </testcase> <!-- verify_Registering_By_Invalid_Phone -->
  <testcase classname="com.tutorialsninja.qa.testCases.TestRegister" name="verify_Registering_Newsletter_YES" time="0.0">
    <ignored/>
  </testcase> <!-- verify_Registering_Newsletter_YES -->
  <testcase classname="com.tutorialsninja.qa.testCases.TestRegister" name="verify_Notification_BY_NotProviding_All_Fileds_BySubmiting" time="0.0">
    <ignored/>
  </testcase> <!-- verify_Notification_BY_NotProviding_All_Fileds_BySubmiting -->
  <testcase classname="com.tutorialsninja.qa.testCases.TestRegister" name="verify_Registering_Newsletter_NO" time="0.0">
    <ignored/>
  </testcase> <!-- verify_Registering_Newsletter_NO -->
  <testcase classname="com.tutorialsninja.qa.testCases.TestLogin" name="verify_login_With_InValid_Credential" time="0.0">
    <ignored/>
  </testcase> <!-- verify_login_With_InValid_Credential -->
  <testcase classname="com.tutorialsninja.qa.testCases.TestForgetPassword" name="verify_forgetPassword_Withoutout_reset_but_IntitiateProcess" time="0.0">
    <ignored/>
  </testcase> <!-- verify_forgetPassword_Withoutout_reset_but_IntitiateProcess -->
  <testcase classname="com.tutorialsninja.qa.testCases.TestLogin" name="verify_login_With_Valid_Credential_BrowserBack" time="0.0">
    <ignored/>
  </testcase> <!-- verify_login_With_Valid_Credential_BrowserBack -->
  <testcase classname="com.tutorialsninja.qa.testCases.TestLogin" name="verify_login_With_Valid_password_invalid_userName" time="0.0">
    <ignored/>
  </testcase> <!-- verify_login_With_Valid_password_invalid_userName -->
  <testcase classname="com.tutorialsninja.qa.testCases.TestLogin" name="verify_login_Copying_TEXT_PasswordFiled" time="0.0">
    <ignored/>
  </testcase> <!-- verify_login_Copying_TEXT_PasswordFiled -->
  <testcase classname="com.tutorialsninja.qa.testCases.TestRegister" name="verify_Registering_By_Invalid_Email" time="0.0">
    <ignored/>
  </testcase> <!-- verify_Registering_By_Invalid_Email -->
  <testcase classname="com.tutorialsninja.qa.testCases.TestLogin" name="verify_login_afterLogin_browserBack" time="0.0">
    <ignored/>
  </testcase> <!-- verify_login_afterLogin_browserBack -->
  <testcase classname="com.tutorialsninja.qa.testCases.TestRegister" name="verify_Registering_PrivacyPolicy_isSelected" time="0.0">
    <ignored/>
  </testcase> <!-- verify_Registering_PrivacyPolicy_isSelected -->
  <testcase classname="com.tutorialsninja.qa.testCases.TestLogin" name="verify_login_With_Valid_userName_invalid_password" time="0.0">
    <ignored/>
  </testcase> <!-- verify_login_With_Valid_userName_invalid_password -->
  <testcase classname="com.tutorialsninja.qa.testCases.TestLogout" name="verify_Logout_AfterLogout_FromOneAccount_AnotherAccount" time="0.0">
    <ignored/>
  </testcase> <!-- verify_Logout_AfterLogout_FromOneAccount_AnotherAccount -->
  <testcase classname="com.tutorialsninja.qa.testCases.TestLogout" name="verify_Logout_Option_NotDisplayed_BeforeLogin_Account_Drodown" time="0.0">
    <ignored/>
  </testcase> <!-- verify_Logout_Option_NotDisplayed_BeforeLogin_Account_Drodown -->
  <testcase classname="com.tutorialsninja.qa.testCases.TestLogin" name="verify_login_able_to_navigate_to_otherPages" time="0.0">
    <ignored/>
  </testcase> <!-- verify_login_able_to_navigate_to_otherPages -->
  <testcase classname="com.tutorialsninja.qa.testCases.TestRegister" name="verify_Registering_Spaces_Trimmed" time="0.0">
    <ignored/>
  </testcase> <!-- verify_Registering_Spaces_Trimmed -->
  <testcase classname="com.tutorialsninja.qa.testCases.TestLogin" name="verify_login_after_Changing_Password_and_Changing_toOriginal_password" time="0.0">
    <ignored/>
  </testcase> <!-- verify_login_after_Changing_Password_and_Changing_toOriginal_password -->
  <testcase classname="com.tutorialsninja.qa.testCases.TestLogout" name="verify_Logout_Option_NotDisplayed_BeforeLogin_UnderRight_Column" time="0.0">
    <ignored/>
  </testcase> <!-- verify_Logout_Option_NotDisplayed_BeforeLogin_UnderRight_Column -->
  <testcase classname="com.tutorialsninja.qa.testCases.TestLogout" name="verify_Logout_By_LoggingOut_And_BrowsingBack" time="0.0">
    <ignored/>
  </testcase> <!-- verify_Logout_By_LoggingOut_And_BrowsingBack -->
  <testcase classname="com.tutorialsninja.qa.testCases.TestRegister" name="verify_Registering_By_Existing_Account" time="0.0">
    <ignored/>
  </testcase> <!-- verify_Registering_By_Existing_Account -->
  <testcase classname="com.tutorialsninja.qa.testCases.TestLogin" name="verify_login_Without_Credentials" time="0.0">
    <ignored/>
  </testcase> <!-- verify_login_Without_Credentials -->
  <testcase classname="com.tutorialsninja.qa.testCases.TestRegister" name="verify_Registering_By_Different_Pass_con_pass" time="0.0">
    <ignored/>
  </testcase> <!-- verify_Registering_By_Different_Pass_con_pass -->
  <testcase classname="com.tutorialsninja.qa.testCases.TestRegister" name="verify_Registering_BY_Providing_All_Fileds" time="0.0">
    <ignored/>
  </testcase> <!-- verify_Registering_BY_Providing_All_Fileds -->
  <testcase classname="com.tutorialsninja.qa.testCases.TestLogin" name="verify_login_after_Changing_Password" time="0.0">
    <ignored/>
  </testcase> <!-- verify_login_after_Changing_Password -->
</testsuite> <!-- smoke Test cases -->
