<!DOCTYPE html PUBLIC "-//W3C//DTD XHTML 1.1//EN" "https://www.w3.org/TR/xhtml11/DTD/xhtml11.dtd">
<html xmlns="https://www.w3.org/1999/xhtml">
<head>
<meta http-equiv="content-type" content="text/html; charset=UTF-8"/>
<title>TestNG Report</title>
<style type="text/css">table {margin-bottom:10px;border-collapse:collapse;empty-cells:show}th,td {border:1px solid #009;padding:.25em .5em}th {vertical-align:bottom}td {vertical-align:top}table a {font-weight:bold}.stripe td {background-color: #E6EBF9}.num {text-align:right}.passedodd td {background-color: #3F3}.passedeven td {background-color: #0A0}.skippedodd td {background-color: #DDD}.skippedeven td {background-color: #CCC}.failedodd td,.attn {background-color: #F33}.failedeven td,.stripe .attn {background-color: #D00}.stacktrace {white-space:pre;font-family:monospace}.totop {font-size:85%;text-align:center;border-bottom:2px solid #000}.invisible {display:none}</style>
</head>
<body>
<table>
<tr><th>Test</th><th># Passed</th><th># Skipped</th><th># Retried</th><th># Failed</th><th>Time (ms)</th><th>Included Groups</th><th>Excluded Groups</th></tr>
<tr><th colspan="8">Automation Test Suite</th></tr>
<tr><td><a href="#t0">Automation Test cases</a></td><td class="num">30</td><td class="num">0</td><td class="num">0</td><td class="num attn">20</td><td class="num">468,139</td><td></td><td></td></tr>
</table>
<table id='summary'><thead><tr><th>Class</th><th>Method</th><th>Start</th><th>Time (ms)</th></tr></thead><tbody><tr><th colspan="4">Automation Test Suite</th></tr></tbody><tbody id="t0"><tr><th colspan="4">Automation Test cases &#8212; failed</th></tr><tr class="failedeven"><td rowspan="1">com.tutorialsninja.qa.testCases.TestForgetPassword</td><td><a href="#m0">verify_forgetPassword_Without_providing_EmailAddress</a></td><td rowspan="1">1676495125745</td><td rowspan="1">1162</td></tr><tr class="failedodd"><td rowspan="13">com.tutorialsninja.qa.testCases.TestLogin</td><td><a href="#m1">verify_login_Code_In_SourceCode_PasswordFiled</a></td><td rowspan="1">1676494995874</td><td rowspan="1">1785</td></tr><tr class="failedodd"><td><a href="#m2">verify_login_MultipleTime_Unsuccessful_attempt</a></td><td rowspan="10">1676494954015</td><td rowspan="10">1625</td></tr><tr class="failedodd"><td><a href="#m3">verify_login_MultipleTime_Unsuccessful_attempt</a></td></tr><tr class="failedodd"><td><a href="#m4">verify_login_MultipleTime_Unsuccessful_attempt</a></td></tr><tr class="failedodd"><td><a href="#m5">verify_login_MultipleTime_Unsuccessful_attempt</a></td></tr><tr class="failedodd"><td><a href="#m6">verify_login_MultipleTime_Unsuccessful_attempt</a></td></tr><tr class="failedodd"><td><a href="#m7">verify_login_MultipleTime_Unsuccessful_attempt</a></td></tr><tr class="failedodd"><td><a href="#m8">verify_login_MultipleTime_Unsuccessful_attempt</a></td></tr><tr class="failedodd"><td><a href="#m9">verify_login_MultipleTime_Unsuccessful_attempt</a></td></tr><tr class="failedodd"><td><a href="#m10">verify_login_MultipleTime_Unsuccessful_attempt</a></td></tr><tr class="failedodd"><td><a href="#m11">verify_login_MultipleTime_Unsuccessful_attempt</a></td></tr><tr class="failedodd"><td><a href="#m12">verify_login_With_Valid_Credential_BrowserBack</a></td><td rowspan="1">1676494893653</td><td rowspan="1">11776</td></tr><tr class="failedodd"><td><a href="#m13">verify_login_afterLogin_browserBack</a></td><td rowspan="1">1676494910387</td><td rowspan="1">2524</td></tr><tr class="failedeven"><td rowspan="1">com.tutorialsninja.qa.testCases.TestLogout</td><td><a href="#m14">verify_Logout_By_LoggingOut_And_BrowsingBack</a></td><td rowspan="1">1676495053206</td><td rowspan="1">2529</td></tr><tr class="failedodd"><td rowspan="5">com.tutorialsninja.qa.testCases.TestRegister</td><td><a href="#m15">verify_Registering_By_Invalid_Phone</a></td><td rowspan="2">1676494769157</td><td rowspan="2">2567</td></tr><tr class="failedodd"><td><a href="#m16">verify_Registering_By_Invalid_Phone</a></td></tr><tr class="failedodd"><td><a href="#m17">verify_Registering_Complexity_Password</a></td><td rowspan="1">1676494793372</td><td rowspan="1">12664</td></tr><tr class="failedodd"><td><a href="#m18">verify_Registering_Spaces_Trimmed</a></td><td rowspan="1">1676494811506</td><td rowspan="1">2967</td></tr><tr class="failedodd"><td><a href="#m19">verify_Registering_With_Space_Field</a></td><td rowspan="1">1676494785249</td><td rowspan="1">2657</td></tr><tr><th colspan="4">Automation Test cases &#8212; passed</th></tr><tr class="passedeven"><td rowspan="2">com.tutorialsninja.qa.testCases.TestForgetPassword</td><td><a href="#m20">verify_forgetPassword_With_nonRegistered_Account</a></td><td rowspan="1">1676495118502</td><td rowspan="1">1243</td></tr><tr class="passedeven"><td><a href="#m21">verify_forgetPassword_Withoutout_reset_but_IntitiateProcess</a></td><td rowspan="1">1676495110604</td><td rowspan="1">2003</td></tr><tr class="passedodd"><td rowspan="10">com.tutorialsninja.qa.testCases.TestLogin</td><td><a href="#m22">verify_login_Copying_TEXT_PasswordFiled</a></td><td rowspan="1">1676494989421</td><td rowspan="1">1295</td></tr><tr class="passedodd"><td><a href="#m23">verify_login_Forgetten_Password</a></td><td rowspan="1">1676494887405</td><td rowspan="1">1178</td></tr><tr class="passedodd"><td><a href="#m24">verify_login_With_InValid_Credential</a></td><td rowspan="1">1676494854502</td><td rowspan="1">2119</td></tr><tr class="passedodd"><td><a href="#m25">verify_login_With_Valid_Credential</a></td><td rowspan="1">1676494846380</td><td rowspan="1">2547</td></tr><tr class="passedodd"><td><a href="#m26">verify_login_With_Valid_password_invalid_userName</a></td><td rowspan="1">1676494862218</td><td rowspan="1">2833</td></tr><tr class="passedodd"><td><a href="#m27">verify_login_With_Valid_userName_invalid_password</a></td><td rowspan="1">1676494870864</td><td rowspan="1">2742</td></tr><tr class="passedodd"><td><a href="#m28">verify_login_Without_Credentials</a></td><td rowspan="1">1676494879275</td><td rowspan="1">2164</td></tr><tr class="passedodd"><td><a href="#m29">verify_login_able_to_navigate_to_otherPages</a></td><td rowspan="1">1676495013602</td><td rowspan="1">2843</td></tr><tr class="passedodd"><td><a href="#m30">verify_login_after_Changing_Password</a></td><td rowspan="1">1676495002861</td><td rowspan="1">5180</td></tr><tr class="passedodd"><td><a href="#m31">verify_login_after_Changing_Password_and_Changing_toOriginal_password</a></td><td rowspan="1">1676495021774</td><td rowspan="1">5678</td></tr><tr class="passedeven"><td rowspan="5">com.tutorialsninja.qa.testCases.TestLogout</td><td><a href="#m32">verify_Logout_AfterLogout_FromOneAccount_AnotherAccount</a></td><td rowspan="1">1676495095056</td><td rowspan="1">2604</td></tr><tr class="passedeven"><td><a href="#m33">verify_Logout_By_LoggingOut_From_LogoutOption_OnPage</a></td><td rowspan="1">1676495043727</td><td rowspan="1">2537</td></tr><tr class="passedeven"><td><a href="#m34">verify_Logout_By_LoggingOut_From_MyAccount_Dropdown</a></td><td rowspan="1">1676495033977</td><td rowspan="1">2933</td></tr><tr class="passedeven"><td><a href="#m35">verify_Logout_Option_NotDisplayed_BeforeLogin_Account_Drodown</a></td><td rowspan="1">1676495062263</td><td rowspan="1">10204</td></tr><tr class="passedeven"><td><a href="#m36">verify_Logout_Option_NotDisplayed_BeforeLogin_UnderRight_Column</a></td><td rowspan="1">1676495079194</td><td rowspan="1">10035</td></tr><tr class="passedodd"><td rowspan="13">com.tutorialsninja.qa.testCases.TestRegister</td><td><a href="#m37">verify_Notification_BY_NotProviding_All_Fileds_BySubmiting</a></td><td rowspan="1">1676494695152</td><td rowspan="1">1863</td></tr><tr class="passedodd"><td><a href="#m38">verify_Registering_BY_Providing_All_Fileds</a></td><td rowspan="1">1676494685192</td><td rowspan="1">3777</td></tr><tr class="passedodd"><td><a href="#m39">verify_Registering_By_Different_Pass_con_pass</a></td><td rowspan="1">1676494724245</td><td rowspan="1">3519</td></tr><tr class="passedodd"><td><a href="#m40">verify_Registering_By_Existing_Account</a></td><td rowspan="1">1676494734921</td><td rowspan="1">3886</td></tr><tr class="passedodd"><td><a href="#m41">verify_Registering_By_Invalid_Email</a></td><td rowspan="3">1676494753622</td><td rowspan="3">2006</td></tr><tr class="passedodd"><td><a href="#m42">verify_Registering_By_Invalid_Email</a></td></tr><tr class="passedodd"><td><a href="#m43">verify_Registering_By_Invalid_Email</a></td></tr><tr class="passedodd"><td><a href="#m44">verify_Registering_Mandatory_Field</a></td><td rowspan="1">1676494675837</td><td rowspan="1">3790</td></tr><tr class="passedodd"><td><a href="#m45">verify_Registering_Newsletter_NO</a></td><td rowspan="1">1676494703283</td><td rowspan="1">3822</td></tr><tr class="passedodd"><td><a href="#m46">verify_Registering_Newsletter_YES</a></td><td rowspan="1">1676494714236</td><td rowspan="1">3575</td></tr><tr class="passedodd"><td><a href="#m47">verify_Registering_PrivacyPolicy_Without_Selecting</a></td><td rowspan="1">1676494825512</td><td rowspan="1">7406</td></tr><tr class="passedodd"><td><a href="#m48">verify_Registering_PrivacyPolicy_isSelected</a></td><td rowspan="1">1676494819924</td><td rowspan="1">931</td></tr><tr class="passedodd"><td><a href="#m49">verify_Registering_enterPassword_WithoutConfirmPassword</a></td><td rowspan="1">1676494838405</td><td rowspan="1">3083</td></tr></tbody>
</table>
<h2>Automation Test cases</h2><h3 id="m0">com.tutorialsninja.qa.testCases.TestForgetPassword#verify_forgetPassword_Without_providing_EmailAddress</h3><table class="result"><tr><th>Exception</th></tr><tr><td><div class="stacktrace">java.lang.AssertionError: E-Mail must be between 4 and 20 characters!&apos; should be displayed for &apos;E-Mail Address&apos; field expected [true] but found [false]
	at com.tutorialsninja.qa.testCases.TestForgetPassword.verify_forgetPassword_Without_providing_EmailAddress(TestForgetPassword.java:69)
	at java.base/java.util.ArrayList.forEach(ArrayList.java:1511)
... Removed 34 stack frames</div></td></tr></table><p class="totop"><a href="#summary">back to summary</a></p>
<h3 id="m1">com.tutorialsninja.qa.testCases.TestLogin#verify_login_Code_In_SourceCode_PasswordFiled</h3><table class="result"><tr><th>Exception</th></tr><tr><td><div class="stacktrace">java.lang.AssertionError: did not expect [xyzabc123   ] but found [xyzabc123   ]
	at com.tutorialsninja.qa.testCases.TestLogin.verify_login_Code_In_SourceCode_PasswordFiled(TestLogin.java:174)
	at java.base/java.util.ArrayList.forEach(ArrayList.java:1511)
... Removed 36 stack frames</div></td></tr></table><p class="totop"><a href="#summary">back to summary</a></p>
<h3 id="m2">com.tutorialsninja.qa.testCases.TestLogin#verify_login_MultipleTime_Unsuccessful_attempt</h3><table class="result"><tr><th>Exception</th></tr><tr><td><div class="stacktrace">java.lang.AssertionError: expected [Warning: Your account has exceeded allowed number of login attempts. Please try again in 1 hour.] but found []
	at com.tutorialsninja.qa.testCases.TestLogin.verify_login_MultipleTime_Unsuccessful_attempt(TestLogin.java:150)
	at java.base/java.util.ArrayList.forEach(ArrayList.java:1511)
... Removed 37 stack frames</div></td></tr></table><p class="totop"><a href="#summary">back to summary</a></p>
<h3 id="m3">com.tutorialsninja.qa.testCases.TestLogin#verify_login_MultipleTime_Unsuccessful_attempt</h3><table class="result"><tr><th>Exception</th></tr><tr><td><div class="stacktrace">java.lang.AssertionError: expected [Warning: Your account has exceeded allowed number of login attempts. Please try again in 1 hour.] but found []
	at com.tutorialsninja.qa.testCases.TestLogin.verify_login_MultipleTime_Unsuccessful_attempt(TestLogin.java:150)
	at java.base/java.util.ArrayList.forEach(ArrayList.java:1511)
... Removed 37 stack frames</div></td></tr></table><p class="totop"><a href="#summary">back to summary</a></p>
<h3 id="m4">com.tutorialsninja.qa.testCases.TestLogin#verify_login_MultipleTime_Unsuccessful_attempt</h3><table class="result"><tr><th>Exception</th></tr><tr><td><div class="stacktrace">java.lang.AssertionError: expected [Warning: Your account has exceeded allowed number of login attempts. Please try again in 1 hour.] but found []
	at com.tutorialsninja.qa.testCases.TestLogin.verify_login_MultipleTime_Unsuccessful_attempt(TestLogin.java:150)
	at java.base/java.util.ArrayList.forEach(ArrayList.java:1511)
... Removed 37 stack frames</div></td></tr></table><p class="totop"><a href="#summary">back to summary</a></p>
<h3 id="m5">com.tutorialsninja.qa.testCases.TestLogin#verify_login_MultipleTime_Unsuccessful_attempt</h3><table class="result"><tr><th>Exception</th></tr><tr><td><div class="stacktrace">java.lang.AssertionError: expected [Warning: Your account has exceeded allowed number of login attempts. Please try again in 1 hour.] but found []
	at com.tutorialsninja.qa.testCases.TestLogin.verify_login_MultipleTime_Unsuccessful_attempt(TestLogin.java:150)
	at java.base/java.util.ArrayList.forEach(ArrayList.java:1511)
... Removed 37 stack frames</div></td></tr></table><p class="totop"><a href="#summary">back to summary</a></p>
<h3 id="m6">com.tutorialsninja.qa.testCases.TestLogin#verify_login_MultipleTime_Unsuccessful_attempt</h3><table class="result"><tr><th>Exception</th></tr><tr><td><div class="stacktrace">java.lang.AssertionError: expected [Warning: Your account has exceeded allowed number of login attempts. Please try again in 1 hour.] but found []
	at com.tutorialsninja.qa.testCases.TestLogin.verify_login_MultipleTime_Unsuccessful_attempt(TestLogin.java:150)
	at java.base/java.util.ArrayList.forEach(ArrayList.java:1511)
... Removed 37 stack frames</div></td></tr></table><p class="totop"><a href="#summary">back to summary</a></p>
<h3 id="m7">com.tutorialsninja.qa.testCases.TestLogin#verify_login_MultipleTime_Unsuccessful_attempt</h3><table class="result"><tr><th>Exception</th></tr><tr><td><div class="stacktrace">java.lang.AssertionError: expected [Warning: Your account has exceeded allowed number of login attempts. Please try again in 1 hour.] but found []
	at com.tutorialsninja.qa.testCases.TestLogin.verify_login_MultipleTime_Unsuccessful_attempt(TestLogin.java:150)
	at java.base/java.util.ArrayList.forEach(ArrayList.java:1511)
... Removed 37 stack frames</div></td></tr></table><p class="totop"><a href="#summary">back to summary</a></p>
<h3 id="m8">com.tutorialsninja.qa.testCases.TestLogin#verify_login_MultipleTime_Unsuccessful_attempt</h3><table class="result"><tr><th>Exception</th></tr><tr><td><div class="stacktrace">java.lang.AssertionError: expected [Warning: Your account has exceeded allowed number of login attempts. Please try again in 1 hour.] but found []
	at com.tutorialsninja.qa.testCases.TestLogin.verify_login_MultipleTime_Unsuccessful_attempt(TestLogin.java:150)
	at java.base/java.util.ArrayList.forEach(ArrayList.java:1511)
... Removed 37 stack frames</div></td></tr></table><p class="totop"><a href="#summary">back to summary</a></p>
<h3 id="m9">com.tutorialsninja.qa.testCases.TestLogin#verify_login_MultipleTime_Unsuccessful_attempt</h3><table class="result"><tr><th>Exception</th></tr><tr><td><div class="stacktrace">java.lang.AssertionError: expected [Warning: Your account has exceeded allowed number of login attempts. Please try again in 1 hour.] but found []
	at com.tutorialsninja.qa.testCases.TestLogin.verify_login_MultipleTime_Unsuccessful_attempt(TestLogin.java:150)
	at java.base/java.util.ArrayList.forEach(ArrayList.java:1511)
... Removed 37 stack frames</div></td></tr></table><p class="totop"><a href="#summary">back to summary</a></p>
<h3 id="m10">com.tutorialsninja.qa.testCases.TestLogin#verify_login_MultipleTime_Unsuccessful_attempt</h3><table class="result"><tr><th>Exception</th></tr><tr><td><div class="stacktrace">java.lang.AssertionError: expected [Warning: Your account has exceeded allowed number of login attempts. Please try again in 1 hour.] but found []
	at com.tutorialsninja.qa.testCases.TestLogin.verify_login_MultipleTime_Unsuccessful_attempt(TestLogin.java:150)
	at java.base/java.util.ArrayList.forEach(ArrayList.java:1511)
... Removed 37 stack frames</div></td></tr></table><p class="totop"><a href="#summary">back to summary</a></p>
<h3 id="m11">com.tutorialsninja.qa.testCases.TestLogin#verify_login_MultipleTime_Unsuccessful_attempt</h3><table class="result"><tr><th>Exception</th></tr><tr><td><div class="stacktrace">java.lang.AssertionError: expected [Warning: Your account has exceeded allowed number of login attempts. Please try again in 1 hour.] but found []
	at com.tutorialsninja.qa.testCases.TestLogin.verify_login_MultipleTime_Unsuccessful_attempt(TestLogin.java:150)
	at java.base/java.util.ArrayList.forEach(ArrayList.java:1511)
... Removed 37 stack frames</div></td></tr></table><p class="totop"><a href="#summary">back to summary</a></p>
<h3 id="m12">com.tutorialsninja.qa.testCases.TestLogin#verify_login_With_Valid_Credential_BrowserBack</h3><table class="result"><tr><th>Exception</th></tr><tr><td><div class="stacktrace">org.openqa.selenium.NoSuchElementException: no such element: Unable to locate element: {&quot;method&quot;:&quot;xpath&quot;,&quot;selector&quot;:&quot;(//div[@class=&apos;well&apos;])[2]/h2&quot;}
  (Session info: MicrosoftEdge=110.0.1587.41)
For documentation on this error, please visit: https://selenium.dev/exceptions/#no_such_element
Build info: version: &apos;4.6.0&apos;, revision: &apos;79f1c02ae20&apos;
System info: os.name: &apos;Windows 10&apos;, os.arch: &apos;amd64&apos;, os.version: &apos;10.0&apos;, java.version: &apos;17.0.5&apos;
Driver info: org.openqa.selenium.edge.EdgeDriver
Command: [f5c596ed2c0c6eb253cba202096dabea, findElement {using=xpath, value=(//div[@class=&apos;well&apos;])[2]/h2}]
Capabilities {acceptInsecureCerts: false, browserName: msedge, browserVersion: 110.0.1587.41, ms:edgeOptions: {debuggerAddress: localhost:56803}, msedge: {msedgedriverVersion: 110.0.1587.41 (dec2c0803210..., userDataDir: C:\Users\Mahi\AppData\Local...}, networkConnectionEnabled: false, pageLoadStrategy: normal, platformName: WINDOWS, proxy: Proxy(), se:cdp: ws://localhost:56803/devtoo..., se:cdpVersion: 110.0.1587.41, setWindowRect: true, strictFileInteractability: false, timeouts: {implicit: 0, pageLoad: 300000, script: 30000}, unhandledPromptBehavior: dismiss and notify, webauthn:extension:credBlob: true, webauthn:extension:largeBlob: true, webauthn:virtualAuthenticators: true}
Session ID: f5c596ed2c0c6eb253cba202096dabea
	at org.openqa.selenium.remote.codec.w3c.W3CHttpResponseCodec.createException(W3CHttpResponseCodec.java:200)
	at org.openqa.selenium.remote.codec.w3c.W3CHttpResponseCodec.decode(W3CHttpResponseCodec.java:133)
	at org.openqa.selenium.remote.codec.w3c.W3CHttpResponseCodec.decode(W3CHttpResponseCodec.java:53)
	at org.openqa.selenium.remote.HttpCommandExecutor.execute(HttpCommandExecutor.java:184)
	at org.openqa.selenium.remote.service.DriverCommandExecutor.invokeExecute(DriverCommandExecutor.java:167)
	at org.openqa.selenium.remote.service.DriverCommandExecutor.execute(DriverCommandExecutor.java:142)
	at org.openqa.selenium.remote.RemoteWebDriver.execute(RemoteWebDriver.java:541)
	at org.openqa.selenium.remote.ElementLocation$ElementFinder$2.findElement(ElementLocation.java:162)
	at org.openqa.selenium.remote.ElementLocation.findElement(ElementLocation.java:60)
	at org.openqa.selenium.remote.RemoteWebDriver.findElement(RemoteWebDriver.java:365)
	at org.openqa.selenium.remote.RemoteWebDriver.findElement(RemoteWebDriver.java:357)
	at org.openqa.selenium.support.pagefactory.DefaultElementLocator.findElement(DefaultElementLocator.java:70)
	at org.openqa.selenium.support.pagefactory.internal.LocatingElementHandler.invoke(LocatingElementHandler.java:39)
	at jdk.proxy2/jdk.proxy2.$Proxy15.getText(Unknown Source)
	at com.tutorialsninja.qa.pageObjects.LoginPageObjects.returningCustomer_actual_text(LoginPageObjects.java:105)
	at com.tutorialsninja.qa.testCases.TestLogin.verify_login_With_Valid_Credential_BrowserBack(TestLogin.java:114)
	at java.base/java.util.ArrayList.forEach(ArrayList.java:1511)
... Removed 36 stack frames</div></td></tr></table><p class="totop"><a href="#summary">back to summary</a></p>
<h3 id="m13">com.tutorialsninja.qa.testCases.TestLogin#verify_login_afterLogin_browserBack</h3><table class="result"><tr><th>Exception</th></tr><tr><td><div class="stacktrace">java.lang.AssertionError: Account Logout expected [true] but found [false]
	at com.tutorialsninja.qa.testCases.TestLogin.verify_login_afterLogin_browserBack(TestLogin.java:134)
	at java.base/java.util.ArrayList.forEach(ArrayList.java:1511)
... Removed 34 stack frames</div></td></tr></table><p class="totop"><a href="#summary">back to summary</a></p>
<h3 id="m14">com.tutorialsninja.qa.testCases.TestLogout#verify_Logout_By_LoggingOut_And_BrowsingBack</h3><table class="result"><tr><th>Exception</th></tr><tr><td><div class="stacktrace">java.lang.AssertionError: expected [Account Logout] but found [My Account]
	at com.tutorialsninja.qa.testCases.TestLogout.verify_Logout_By_LoggingOut_And_BrowsingBack(TestLogout.java:64)
	at java.base/java.util.ArrayList.forEach(ArrayList.java:1511)
... Removed 37 stack frames</div></td></tr></table><p class="totop"><a href="#summary">back to summary</a></p>
<h3 id="m15">com.tutorialsninja.qa.testCases.TestRegister#verify_Registering_By_Invalid_Phone</h3><table class="result"><tr class="param"><th>Parameter #1</th></tr><tr class="param stripe"><td>111</td></tr><tr><th>Exception</th></tr><tr><td><div class="stacktrace">java.lang.AssertionError: expected [true] but found [false]
	at com.tutorialsninja.qa.testCases.TestRegister.verify_Registering_By_Invalid_Phone(TestRegister.java:192)
	at java.base/java.util.ArrayList.forEach(ArrayList.java:1511)
... Removed 35 stack frames</div></td></tr></table><p class="totop"><a href="#summary">back to summary</a></p>
<h3 id="m16">com.tutorialsninja.qa.testCases.TestRegister#verify_Registering_By_Invalid_Phone</h3><table class="result"><tr class="param"><th>Parameter #1</th></tr><tr class="param stripe"><td>abcde</td></tr><tr><th>Exception</th></tr><tr><td><div class="stacktrace">java.lang.AssertionError: expected [true] but found [false]
	at com.tutorialsninja.qa.testCases.TestRegister.verify_Registering_By_Invalid_Phone(TestRegister.java:192)
	at java.base/java.util.ArrayList.forEach(ArrayList.java:1511)
... Removed 35 stack frames</div></td></tr></table><p class="totop"><a href="#summary">back to summary</a></p>
<h3 id="m17">com.tutorialsninja.qa.testCases.TestRegister#verify_Registering_Complexity_Password</h3><table class="result"><tr><th>Exception</th></tr><tr><td><div class="stacktrace">org.openqa.selenium.NoSuchElementException: no such element: Unable to locate element: {&quot;method&quot;:&quot;xpath&quot;,&quot;selector&quot;:&quot;//input[@id=&apos;input-password&apos;]/following::div[1]&quot;}
  (Session info: MicrosoftEdge=110.0.1587.41)
For documentation on this error, please visit: https://selenium.dev/exceptions/#no_such_element
Build info: version: &apos;4.6.0&apos;, revision: &apos;79f1c02ae20&apos;
System info: os.name: &apos;Windows 10&apos;, os.arch: &apos;amd64&apos;, os.version: &apos;10.0&apos;, java.version: &apos;17.0.5&apos;
Driver info: org.openqa.selenium.edge.EdgeDriver
Command: [1c452d371543aec88935f1aad1256c07, findElement {using=xpath, value=//input[@id=&apos;input-password&apos;]/following::div[1]}]
Capabilities {acceptInsecureCerts: false, browserName: msedge, browserVersion: 110.0.1587.41, ms:edgeOptions: {debuggerAddress: localhost:56271}, msedge: {msedgedriverVersion: 110.0.1587.41 (dec2c0803210..., userDataDir: C:\Users\Mahi\AppData\Local...}, networkConnectionEnabled: false, pageLoadStrategy: normal, platformName: WINDOWS, proxy: Proxy(), se:cdp: ws://localhost:56271/devtoo..., se:cdpVersion: 110.0.1587.41, setWindowRect: true, strictFileInteractability: false, timeouts: {implicit: 0, pageLoad: 300000, script: 30000}, unhandledPromptBehavior: dismiss and notify, webauthn:extension:credBlob: true, webauthn:extension:largeBlob: true, webauthn:virtualAuthenticators: true}
Session ID: 1c452d371543aec88935f1aad1256c07
	at org.openqa.selenium.remote.codec.w3c.W3CHttpResponseCodec.createException(W3CHttpResponseCodec.java:200)
	at org.openqa.selenium.remote.codec.w3c.W3CHttpResponseCodec.decode(W3CHttpResponseCodec.java:133)
	at org.openqa.selenium.remote.codec.w3c.W3CHttpResponseCodec.decode(W3CHttpResponseCodec.java:53)
	at org.openqa.selenium.remote.HttpCommandExecutor.execute(HttpCommandExecutor.java:184)
	at org.openqa.selenium.remote.service.DriverCommandExecutor.invokeExecute(DriverCommandExecutor.java:167)
	at org.openqa.selenium.remote.service.DriverCommandExecutor.execute(DriverCommandExecutor.java:142)
	at org.openqa.selenium.remote.RemoteWebDriver.execute(RemoteWebDriver.java:541)
	at org.openqa.selenium.remote.ElementLocation$ElementFinder$2.findElement(ElementLocation.java:162)
	at org.openqa.selenium.remote.ElementLocation.findElement(ElementLocation.java:60)
	at org.openqa.selenium.remote.RemoteWebDriver.findElement(RemoteWebDriver.java:365)
	at org.openqa.selenium.remote.RemoteWebDriver.findElement(RemoteWebDriver.java:357)
	at org.openqa.selenium.support.pagefactory.DefaultElementLocator.findElement(DefaultElementLocator.java:70)
	at org.openqa.selenium.support.pagefactory.internal.LocatingElementHandler.invoke(LocatingElementHandler.java:39)
	at jdk.proxy2/jdk.proxy2.$Proxy15.getText(Unknown Source)
	at com.tutorialsninja.qa.pageObjects.RegisterPageObjects.password_actual_WarningMessage(RegisterPageObjects.java:88)
	at com.tutorialsninja.qa.testCases.TestRegister.verify_Registering_Complexity_Password(TestRegister.java:243)
	at java.base/java.util.ArrayList.forEach(ArrayList.java:1511)
... Removed 36 stack frames</div></td></tr></table><p class="totop"><a href="#summary">back to summary</a></p>
<h3 id="m18">com.tutorialsninja.qa.testCases.TestRegister#verify_Registering_Spaces_Trimmed</h3><table class="result"><tr><th>Exception</th></tr><tr><td><div class="stacktrace">java.lang.AssertionError: did not expect [    test    ] but found [    test    ]
	at com.tutorialsninja.qa.testCases.TestRegister.verify_Registering_Spaces_Trimmed(TestRegister.java:261)
	at java.base/java.util.ArrayList.forEach(ArrayList.java:1511)
... Removed 36 stack frames</div></td></tr></table><p class="totop"><a href="#summary">back to summary</a></p>
<h3 id="m19">com.tutorialsninja.qa.testCases.TestRegister#verify_Registering_With_Space_Field</h3><table class="result"><tr><th>Exception</th></tr><tr><td><div class="stacktrace">java.lang.AssertionError: expected [Telephone must be between 3 and 32 characters!] but found [Password]
	at com.tutorialsninja.qa.testCases.TestRegister.verify_Registering_With_Space_Field(TestRegister.java:222)
	at java.base/java.util.ArrayList.forEach(ArrayList.java:1511)
... Removed 37 stack frames</div></td></tr></table><p class="totop"><a href="#summary">back to summary</a></p>
<h3 id="m20">com.tutorialsninja.qa.testCases.TestForgetPassword#verify_forgetPassword_With_nonRegistered_Account</h3><table class="result"><tr><th class="invisible"/></tr></table><p class="totop"><a href="#summary">back to summary</a></p>
<h3 id="m21">com.tutorialsninja.qa.testCases.TestForgetPassword#verify_forgetPassword_Withoutout_reset_but_IntitiateProcess</h3><table class="result"><tr><th class="invisible"/></tr></table><p class="totop"><a href="#summary">back to summary</a></p>
<h3 id="m22">com.tutorialsninja.qa.testCases.TestLogin#verify_login_Copying_TEXT_PasswordFiled</h3><table class="result"><tr><th class="invisible"/></tr></table><p class="totop"><a href="#summary">back to summary</a></p>
<h3 id="m23">com.tutorialsninja.qa.testCases.TestLogin#verify_login_Forgetten_Password</h3><table class="result"><tr><th class="invisible"/></tr></table><p class="totop"><a href="#summary">back to summary</a></p>
<h3 id="m24">com.tutorialsninja.qa.testCases.TestLogin#verify_login_With_InValid_Credential</h3><table class="result"><tr><th class="invisible"/></tr></table><p class="totop"><a href="#summary">back to summary</a></p>
<h3 id="m25">com.tutorialsninja.qa.testCases.TestLogin#verify_login_With_Valid_Credential</h3><table class="result"><tr><th class="invisible"/></tr></table><p class="totop"><a href="#summary">back to summary</a></p>
<h3 id="m26">com.tutorialsninja.qa.testCases.TestLogin#verify_login_With_Valid_password_invalid_userName</h3><table class="result"><tr><th class="invisible"/></tr></table><p class="totop"><a href="#summary">back to summary</a></p>
<h3 id="m27">com.tutorialsninja.qa.testCases.TestLogin#verify_login_With_Valid_userName_invalid_password</h3><table class="result"><tr><th class="invisible"/></tr></table><p class="totop"><a href="#summary">back to summary</a></p>
<h3 id="m28">com.tutorialsninja.qa.testCases.TestLogin#verify_login_Without_Credentials</h3><table class="result"><tr><th class="invisible"/></tr></table><p class="totop"><a href="#summary">back to summary</a></p>
<h3 id="m29">com.tutorialsninja.qa.testCases.TestLogin#verify_login_able_to_navigate_to_otherPages</h3><table class="result"><tr><th class="invisible"/></tr></table><p class="totop"><a href="#summary">back to summary</a></p>
<h3 id="m30">com.tutorialsninja.qa.testCases.TestLogin#verify_login_after_Changing_Password</h3><table class="result"><tr><th class="invisible"/></tr></table><p class="totop"><a href="#summary">back to summary</a></p>
<h3 id="m31">com.tutorialsninja.qa.testCases.TestLogin#verify_login_after_Changing_Password_and_Changing_toOriginal_password</h3><table class="result"><tr><th class="invisible"/></tr></table><p class="totop"><a href="#summary">back to summary</a></p>
<h3 id="m32">com.tutorialsninja.qa.testCases.TestLogout#verify_Logout_AfterLogout_FromOneAccount_AnotherAccount</h3><table class="result"><tr><th class="invisible"/></tr></table><p class="totop"><a href="#summary">back to summary</a></p>
<h3 id="m33">com.tutorialsninja.qa.testCases.TestLogout#verify_Logout_By_LoggingOut_From_LogoutOption_OnPage</h3><table class="result"><tr><th class="invisible"/></tr></table><p class="totop"><a href="#summary">back to summary</a></p>
<h3 id="m34">com.tutorialsninja.qa.testCases.TestLogout#verify_Logout_By_LoggingOut_From_MyAccount_Dropdown</h3><table class="result"><tr><th class="invisible"/></tr></table><p class="totop"><a href="#summary">back to summary</a></p>
<h3 id="m35">com.tutorialsninja.qa.testCases.TestLogout#verify_Logout_Option_NotDisplayed_BeforeLogin_Account_Drodown</h3><table class="result"><tr><th class="invisible"/></tr></table><p class="totop"><a href="#summary">back to summary</a></p>
<h3 id="m36">com.tutorialsninja.qa.testCases.TestLogout#verify_Logout_Option_NotDisplayed_BeforeLogin_UnderRight_Column</h3><table class="result"><tr><th class="invisible"/></tr></table><p class="totop"><a href="#summary">back to summary</a></p>
<h3 id="m37">com.tutorialsninja.qa.testCases.TestRegister#verify_Notification_BY_NotProviding_All_Fileds_BySubmiting</h3><table class="result"><tr><th class="invisible"/></tr></table><p class="totop"><a href="#summary">back to summary</a></p>
<h3 id="m38">com.tutorialsninja.qa.testCases.TestRegister#verify_Registering_BY_Providing_All_Fileds</h3><table class="result"><tr><th class="invisible"/></tr></table><p class="totop"><a href="#summary">back to summary</a></p>
<h3 id="m39">com.tutorialsninja.qa.testCases.TestRegister#verify_Registering_By_Different_Pass_con_pass</h3><table class="result"><tr><th class="invisible"/></tr></table><p class="totop"><a href="#summary">back to summary</a></p>
<h3 id="m40">com.tutorialsninja.qa.testCases.TestRegister#verify_Registering_By_Existing_Account</h3><table class="result"><tr><th class="invisible"/></tr></table><p class="totop"><a href="#summary">back to summary</a></p>
<h3 id="m41">com.tutorialsninja.qa.testCases.TestRegister#verify_Registering_By_Invalid_Email</h3><table class="result"><tr class="param"><th>Parameter #1</th><th>Parameter #2</th></tr><tr class="param stripe"><td>test@</td><td>12345</td></tr></table><p class="totop"><a href="#summary">back to summary</a></p>
<h3 id="m42">com.tutorialsninja.qa.testCases.TestRegister#verify_Registering_By_Invalid_Email</h3><table class="result"><tr class="param"><th>Parameter #1</th><th>Parameter #2</th></tr><tr class="param stripe"><td>test@gmail.</td><td>12345</td></tr></table><p class="totop"><a href="#summary">back to summary</a></p>
<h3 id="m43">com.tutorialsninja.qa.testCases.TestRegister#verify_Registering_By_Invalid_Email</h3><table class="result"><tr class="param"><th>Parameter #1</th><th>Parameter #2</th></tr><tr class="param stripe"><td>test</td><td>12345</td></tr></table><p class="totop"><a href="#summary">back to summary</a></p>
<h3 id="m44">com.tutorialsninja.qa.testCases.TestRegister#verify_Registering_Mandatory_Field</h3><table class="result"><tr><th class="invisible"/></tr></table><p class="totop"><a href="#summary">back to summary</a></p>
<h3 id="m45">com.tutorialsninja.qa.testCases.TestRegister#verify_Registering_Newsletter_NO</h3><table class="result"><tr><th class="invisible"/></tr></table><p class="totop"><a href="#summary">back to summary</a></p>
<h3 id="m46">com.tutorialsninja.qa.testCases.TestRegister#verify_Registering_Newsletter_YES</h3><table class="result"><tr><th class="invisible"/></tr></table><p class="totop"><a href="#summary">back to summary</a></p>
<h3 id="m47">com.tutorialsninja.qa.testCases.TestRegister#verify_Registering_PrivacyPolicy_Without_Selecting</h3><table class="result"><tr><th class="invisible"/></tr></table><p class="totop"><a href="#summary">back to summary</a></p>
<h3 id="m48">com.tutorialsninja.qa.testCases.TestRegister#verify_Registering_PrivacyPolicy_isSelected</h3><table class="result"><tr><th class="invisible"/></tr></table><p class="totop"><a href="#summary">back to summary</a></p>
<h3 id="m49">com.tutorialsninja.qa.testCases.TestRegister#verify_Registering_enterPassword_WithoutConfirmPassword</h3><table class="result"><tr><th class="invisible"/></tr></table><p class="totop"><a href="#summary">back to summary</a></p>
</body>
</html>
